2025-06-03 04:39:36,553 - INFO - Connected to MongoDB Atlas
2025-06-03 04:39:38,172 - INFO - Total pages detected: 267
2025-06-03 04:39:38,172 - INFO - Scraping page 1...
2025-06-03 04:39:39,253 - INFO - Scraped 20 scholarships from page 1
2025-06-03 04:40:09,513 - INFO - MongoDB connection closed
2025-06-03 04:48:13,104 - ERROR - MONGODB_URI not found in .env file
2025-06-03 04:55:27,259 - INFO - Using MongoDB URI: mongodb+srv://himanshu011raj:TzKbVSIJ9vYAEMTF@clus... (masked for security)
2025-06-03 04:55:28,222 - INFO - Connected to MongoDB Atlas
2025-06-03 04:55:29,147 - INFO - Total pages detected: 267
2025-06-03 04:55:29,147 - INFO - Scraping page 1...
2025-06-03 04:55:30,628 - INFO - Scraped 20 scholarships from page 1
2025-06-03 04:55:32,669 - INFO - Inserted 20 scholarships into MongoDB from page 1
2025-06-03 04:55:33,670 - INFO - Scraping page 2...
2025-06-03 04:55:36,540 - INFO - Scraped 20 scholarships from page 2
2025-06-03 04:55:36,657 - INFO - Inserted 20 scholarships into MongoDB from page 2
2025-06-03 04:55:37,658 - INFO - Scraping page 3...
2025-06-03 04:55:40,307 - INFO - Scraped 20 scholarships from page 3
2025-06-03 04:55:40,411 - INFO - Inserted 20 scholarships into MongoDB from page 3
2025-06-03 04:55:41,413 - INFO - Scraping page 4...
2025-06-03 04:55:43,947 - INFO - Scraped 20 scholarships from page 4
2025-06-03 04:55:44,061 - INFO - Inserted 20 scholarships into MongoDB from page 4
2025-06-03 04:55:45,064 - INFO - Scraping page 5...
2025-06-03 04:55:48,448 - INFO - Scraped 20 scholarships from page 5
2025-06-03 04:55:49,148 - INFO - Inserted 20 scholarships into MongoDB from page 5
2025-06-03 04:55:50,154 - INFO - Scraping page 6...
2025-06-03 04:55:53,448 - INFO - Scraped 20 scholarships from page 6
2025-06-03 04:55:54,297 - INFO - Inserted 20 scholarships into MongoDB from page 6
2025-06-03 04:55:55,298 - INFO - Scraping page 7...
2025-06-03 04:55:58,107 - INFO - Scraped 20 scholarships from page 7
2025-06-03 04:55:58,219 - INFO - Inserted 20 scholarships into MongoDB from page 7
2025-06-03 04:55:59,222 - INFO - Scraping page 8...
2025-06-03 04:56:01,339 - INFO - Scraped 20 scholarships from page 8
2025-06-03 04:56:01,440 - INFO - Inserted 20 scholarships into MongoDB from page 8
2025-06-03 04:56:02,442 - INFO - Scraping page 9...
2025-06-03 04:56:04,893 - INFO - Scraped 20 scholarships from page 9
2025-06-03 04:56:04,992 - INFO - Inserted 20 scholarships into MongoDB from page 9
2025-06-03 04:56:05,994 - INFO - Scraping page 10...
2025-06-03 04:56:08,807 - INFO - Scraped 20 scholarships from page 10
2025-06-03 04:56:08,917 - INFO - Inserted 20 scholarships into MongoDB from page 10
2025-06-03 04:56:09,921 - INFO - Scraping page 11...
2025-06-03 04:56:12,087 - INFO - Scraped 20 scholarships from page 11
2025-06-03 04:56:12,192 - INFO - Inserted 20 scholarships into MongoDB from page 11
2025-06-03 04:56:13,193 - INFO - Scraping page 12...
2025-06-03 04:56:15,187 - INFO - Scraped 20 scholarships from page 12
2025-06-03 04:56:15,283 - INFO - Inserted 20 scholarships into MongoDB from page 12
2025-06-03 04:56:16,284 - INFO - Scraping page 13...
2025-06-03 04:56:19,038 - INFO - Scraped 20 scholarships from page 13
2025-06-03 04:56:19,150 - INFO - Inserted 20 scholarships into MongoDB from page 13
2025-06-03 04:56:20,154 - INFO - Scraping page 14...
2025-06-03 04:56:23,057 - INFO - Scraped 20 scholarships from page 14
2025-06-03 04:56:23,208 - INFO - Inserted 20 scholarships into MongoDB from page 14
2025-06-03 04:56:24,210 - INFO - Scraping page 15...
2025-06-03 04:56:26,739 - INFO - Scraped 20 scholarships from page 15
2025-06-03 04:56:26,876 - INFO - Inserted 20 scholarships into MongoDB from page 15
2025-06-03 04:56:27,881 - INFO - Scraping page 16...
2025-06-03 04:56:30,737 - INFO - Scraped 20 scholarships from page 16
2025-06-03 04:56:30,877 - INFO - Inserted 20 scholarships into MongoDB from page 16
2025-06-03 04:56:31,881 - INFO - Scraping page 17...
2025-06-03 04:56:34,761 - INFO - Scraped 20 scholarships from page 17
2025-06-03 04:56:34,879 - INFO - Inserted 20 scholarships into MongoDB from page 17
2025-06-03 04:56:35,880 - INFO - Scraping page 18...
2025-06-03 04:56:38,521 - INFO - Scraped 20 scholarships from page 18
2025-06-03 04:56:38,628 - INFO - Inserted 20 scholarships into MongoDB from page 18
2025-06-03 04:56:39,630 - INFO - Scraping page 19...
2025-06-03 04:56:42,499 - INFO - Scraped 20 scholarships from page 19
2025-06-03 04:56:42,623 - INFO - Inserted 20 scholarships into MongoDB from page 19
2025-06-03 04:56:43,623 - INFO - Scraping page 20...
2025-06-03 04:56:46,795 - INFO - Scraped 20 scholarships from page 20
2025-06-03 04:56:47,022 - INFO - Inserted 20 scholarships into MongoDB from page 20
2025-06-03 04:56:48,024 - INFO - Scraping page 21...
2025-06-03 04:56:51,297 - INFO - Scraped 20 scholarships from page 21
2025-06-03 04:56:51,457 - INFO - Inserted 20 scholarships into MongoDB from page 21
2025-06-03 04:56:52,458 - INFO - Scraping page 22...
2025-06-03 04:56:55,356 - INFO - Scraped 20 scholarships from page 22
2025-06-03 04:56:55,488 - INFO - Inserted 20 scholarships into MongoDB from page 22
2025-06-03 04:56:56,490 - INFO - Scraping page 23...
2025-06-03 04:56:59,498 - INFO - Scraped 20 scholarships from page 23
2025-06-03 04:56:59,620 - INFO - Inserted 20 scholarships into MongoDB from page 23
2025-06-03 04:57:00,623 - INFO - Scraping page 24...
2025-06-03 04:57:02,857 - INFO - Scraped 20 scholarships from page 24
2025-06-03 04:57:02,980 - INFO - Inserted 20 scholarships into MongoDB from page 24
2025-06-03 04:57:03,981 - INFO - Scraping page 25...
2025-06-03 04:57:06,682 - INFO - Scraped 20 scholarships from page 25
2025-06-03 04:57:06,817 - INFO - Inserted 20 scholarships into MongoDB from page 25
2025-06-03 04:57:07,820 - INFO - Scraping page 26...
2025-06-03 04:57:10,974 - INFO - Scraped 20 scholarships from page 26
2025-06-03 04:57:11,087 - INFO - Inserted 20 scholarships into MongoDB from page 26
2025-06-03 04:57:12,091 - INFO - Scraping page 27...
2025-06-03 04:57:15,472 - INFO - Scraped 20 scholarships from page 27
2025-06-03 04:57:15,608 - INFO - Inserted 20 scholarships into MongoDB from page 27
2025-06-03 04:57:16,610 - INFO - Scraping page 28...
2025-06-03 04:57:19,908 - INFO - Scraped 20 scholarships from page 28
2025-06-03 04:57:20,050 - INFO - Inserted 20 scholarships into MongoDB from page 28
2025-06-03 04:57:21,051 - INFO - Scraping page 29...
2025-06-03 04:57:24,088 - INFO - Scraped 20 scholarships from page 29
2025-06-03 04:57:24,229 - INFO - Inserted 20 scholarships into MongoDB from page 29
2025-06-03 04:57:25,233 - INFO - Scraping page 30...
2025-06-03 04:57:27,778 - INFO - Scraped 20 scholarships from page 30
2025-06-03 04:57:27,897 - INFO - Inserted 20 scholarships into MongoDB from page 30
2025-06-03 04:57:28,898 - INFO - Scraping page 31...
2025-06-03 04:57:31,560 - INFO - Scraped 20 scholarships from page 31
2025-06-03 04:57:31,698 - INFO - Inserted 20 scholarships into MongoDB from page 31
2025-06-03 04:57:32,699 - INFO - Scraping page 32...
2025-06-03 04:57:35,348 - INFO - Scraped 20 scholarships from page 32
2025-06-03 04:57:35,512 - INFO - Inserted 20 scholarships into MongoDB from page 32
2025-06-03 04:57:36,516 - INFO - Scraping page 33...
2025-06-03 04:57:39,511 - INFO - Scraped 20 scholarships from page 33
2025-06-03 04:57:39,634 - INFO - Inserted 20 scholarships into MongoDB from page 33
2025-06-03 04:57:40,635 - INFO - Scraping page 34...
2025-06-03 04:57:43,491 - INFO - Scraped 20 scholarships from page 34
2025-06-03 04:57:43,587 - INFO - Inserted 20 scholarships into MongoDB from page 34
2025-06-03 04:57:44,589 - INFO - Scraping page 35...
2025-06-03 04:57:47,448 - INFO - Scraped 20 scholarships from page 35
2025-06-03 04:57:47,572 - INFO - Inserted 20 scholarships into MongoDB from page 35
2025-06-03 04:57:48,575 - INFO - Scraping page 36...
2025-06-03 04:57:51,242 - INFO - Scraped 20 scholarships from page 36
2025-06-03 04:57:51,348 - INFO - Inserted 20 scholarships into MongoDB from page 36
2025-06-03 04:57:52,355 - INFO - Scraping page 37...
2025-06-03 04:57:55,421 - INFO - Scraped 20 scholarships from page 37
2025-06-03 04:57:55,570 - INFO - Inserted 20 scholarships into MongoDB from page 37
2025-06-03 04:57:56,572 - INFO - Scraping page 38...
2025-06-03 04:57:59,398 - INFO - Scraped 20 scholarships from page 38
2025-06-03 04:57:59,518 - INFO - Inserted 20 scholarships into MongoDB from page 38
2025-06-03 04:58:00,525 - INFO - Scraping page 39...
2025-06-03 04:58:03,397 - INFO - Scraped 20 scholarships from page 39
2025-06-03 04:58:03,507 - INFO - Inserted 20 scholarships into MongoDB from page 39
2025-06-03 04:58:04,509 - INFO - Scraping page 40...
2025-06-03 04:58:08,143 - INFO - Scraped 20 scholarships from page 40
2025-06-03 04:58:08,277 - INFO - Inserted 20 scholarships into MongoDB from page 40
2025-06-03 04:58:09,279 - INFO - Scraping page 41...
2025-06-03 04:58:12,217 - INFO - Scraped 20 scholarships from page 41
2025-06-03 04:58:12,347 - INFO - Inserted 20 scholarships into MongoDB from page 41
2025-06-03 04:58:13,349 - INFO - Scraping page 42...
2025-06-03 04:58:15,730 - INFO - Scraped 20 scholarships from page 42
2025-06-03 04:58:15,859 - INFO - Inserted 20 scholarships into MongoDB from page 42
2025-06-03 04:58:16,860 - INFO - Scraping page 43...
2025-06-03 04:58:20,240 - INFO - Scraped 20 scholarships from page 43
2025-06-03 04:58:20,350 - INFO - Inserted 20 scholarships into MongoDB from page 43
2025-06-03 04:58:21,351 - INFO - Scraping page 44...
2025-06-03 04:58:23,748 - INFO - Scraped 20 scholarships from page 44
2025-06-03 04:58:23,848 - INFO - Inserted 20 scholarships into MongoDB from page 44
2025-06-03 04:58:24,849 - INFO - Scraping page 45...
2025-06-03 04:58:27,798 - INFO - Scraped 20 scholarships from page 45
2025-06-03 04:58:27,920 - INFO - Inserted 20 scholarships into MongoDB from page 45
2025-06-03 04:58:28,922 - INFO - Scraping page 46...
2025-06-03 04:58:31,480 - INFO - Scraped 20 scholarships from page 46
2025-06-03 04:58:31,597 - INFO - Inserted 20 scholarships into MongoDB from page 46
2025-06-03 04:58:32,600 - INFO - Scraping page 47...
2025-06-03 04:58:35,876 - INFO - Scraped 20 scholarships from page 47
2025-06-03 04:58:36,017 - INFO - Inserted 20 scholarships into MongoDB from page 47
2025-06-03 04:58:37,018 - INFO - Scraping page 48...
2025-06-03 04:58:40,197 - INFO - Scraped 20 scholarships from page 48
2025-06-03 04:58:40,297 - INFO - Inserted 20 scholarships into MongoDB from page 48
2025-06-03 04:58:41,305 - INFO - Scraping page 49...
2025-06-03 04:58:44,567 - INFO - Scraped 20 scholarships from page 49
2025-06-03 04:58:44,711 - INFO - Inserted 20 scholarships into MongoDB from page 49
2025-06-03 04:58:45,712 - INFO - Scraping page 50...
2025-06-03 04:58:48,557 - INFO - Scraped 20 scholarships from page 50
2025-06-03 04:58:48,669 - INFO - Inserted 20 scholarships into MongoDB from page 50
2025-06-03 04:58:49,676 - INFO - Scraping page 51...
2025-06-03 04:58:52,516 - INFO - Scraped 20 scholarships from page 51
2025-06-03 04:58:52,617 - INFO - Inserted 20 scholarships into MongoDB from page 51
2025-06-03 04:58:53,620 - INFO - Scraping page 52...
2025-06-03 04:58:57,228 - INFO - Scraped 20 scholarships from page 52
2025-06-03 04:58:57,367 - INFO - Inserted 20 scholarships into MongoDB from page 52
2025-06-03 04:58:58,371 - INFO - Scraping page 53...
2025-06-03 04:59:00,635 - INFO - Scraped 20 scholarships from page 53
2025-06-03 04:59:00,780 - INFO - Inserted 20 scholarships into MongoDB from page 53
2025-06-03 04:59:01,782 - INFO - Scraping page 54...
2025-06-03 04:59:04,297 - INFO - Scraped 20 scholarships from page 54
2025-06-03 04:59:04,451 - INFO - Inserted 20 scholarships into MongoDB from page 54
2025-06-03 04:59:05,452 - INFO - Scraping page 55...
2025-06-03 04:59:08,876 - INFO - Scraped 20 scholarships from page 55
2025-06-03 04:59:09,010 - INFO - Inserted 20 scholarships into MongoDB from page 55
2025-06-03 04:59:10,011 - INFO - Scraping page 56...
2025-06-03 04:59:12,539 - INFO - Scraped 20 scholarships from page 56
2025-06-03 04:59:12,698 - INFO - Inserted 20 scholarships into MongoDB from page 56
2025-06-03 04:59:13,698 - INFO - Scraping page 57...
2025-06-03 04:59:16,430 - INFO - Scraped 20 scholarships from page 57
2025-06-03 04:59:16,547 - INFO - Inserted 20 scholarships into MongoDB from page 57
2025-06-03 04:59:17,553 - INFO - Scraping page 58...
2025-06-03 04:59:20,655 - INFO - Scraped 20 scholarships from page 58
2025-06-03 04:59:20,775 - INFO - Inserted 20 scholarships into MongoDB from page 58
2025-06-03 04:59:21,777 - INFO - Scraping page 59...
2025-06-03 04:59:24,825 - INFO - Scraped 20 scholarships from page 59
2025-06-03 04:59:24,996 - INFO - Inserted 20 scholarships into MongoDB from page 59
2025-06-03 04:59:25,998 - INFO - Scraping page 60...
2025-06-03 04:59:28,707 - INFO - Scraped 20 scholarships from page 60
2025-06-03 04:59:28,887 - INFO - Inserted 20 scholarships into MongoDB from page 60
2025-06-03 04:59:29,890 - INFO - Scraping page 61...
2025-06-03 04:59:32,786 - INFO - Scraped 20 scholarships from page 61
2025-06-03 04:59:32,909 - INFO - Inserted 20 scholarships into MongoDB from page 61
2025-06-03 04:59:33,910 - INFO - Scraping page 62...
2025-06-03 04:59:37,237 - INFO - Scraped 20 scholarships from page 62
2025-06-03 04:59:37,365 - INFO - Inserted 20 scholarships into MongoDB from page 62
2025-06-03 04:59:38,369 - INFO - Scraping page 63...
2025-06-03 04:59:41,395 - INFO - Scraped 20 scholarships from page 63
2025-06-03 04:59:41,486 - INFO - Inserted 20 scholarships into MongoDB from page 63
2025-06-03 04:59:42,488 - INFO - Scraping page 64...
2025-06-03 04:59:44,705 - INFO - Scraped 20 scholarships from page 64
2025-06-03 04:59:44,827 - INFO - Inserted 20 scholarships into MongoDB from page 64
2025-06-03 04:59:45,831 - INFO - Scraping page 65...
2025-06-03 04:59:49,057 - INFO - Scraped 20 scholarships from page 65
2025-06-03 04:59:49,182 - INFO - Inserted 20 scholarships into MongoDB from page 65
2025-06-03 04:59:50,183 - INFO - Scraping page 66...
2025-06-03 04:59:53,118 - INFO - Scraped 20 scholarships from page 66
2025-06-03 04:59:53,225 - INFO - Inserted 20 scholarships into MongoDB from page 66
2025-06-03 04:59:54,225 - INFO - Scraping page 67...
2025-06-03 04:59:56,725 - INFO - Scraped 20 scholarships from page 67
2025-06-03 04:59:56,825 - INFO - Inserted 20 scholarships into MongoDB from page 67
2025-06-03 04:59:57,831 - INFO - Scraping page 68...
2025-06-03 05:00:01,219 - INFO - Scraped 20 scholarships from page 68
2025-06-03 05:00:01,346 - INFO - Inserted 20 scholarships into MongoDB from page 68
2025-06-03 05:00:02,349 - INFO - Scraping page 69...
2025-06-03 05:00:05,279 - INFO - Scraped 20 scholarships from page 69
2025-06-03 05:00:05,408 - INFO - Inserted 20 scholarships into MongoDB from page 69
2025-06-03 05:00:06,409 - INFO - Scraping page 70...
2025-06-03 05:00:09,565 - INFO - Scraped 20 scholarships from page 70
2025-06-03 05:00:09,716 - INFO - Inserted 20 scholarships into MongoDB from page 70
2025-06-03 05:00:10,717 - INFO - Scraping page 71...
2025-06-03 05:00:13,043 - INFO - Scraped 20 scholarships from page 71
2025-06-03 05:00:13,156 - INFO - Inserted 20 scholarships into MongoDB from page 71
2025-06-03 05:00:14,157 - INFO - Scraping page 72...
2025-06-03 05:00:16,164 - INFO - Scraped 20 scholarships from page 72
2025-06-03 05:00:16,270 - INFO - Inserted 20 scholarships into MongoDB from page 72
2025-06-03 05:00:17,272 - INFO - Scraping page 73...
2025-06-03 05:00:19,927 - INFO - Scraped 20 scholarships from page 73
2025-06-03 05:00:20,049 - INFO - Inserted 20 scholarships into MongoDB from page 73
2025-06-03 05:00:21,052 - INFO - Scraping page 74...
2025-06-03 05:00:23,666 - INFO - Scraped 20 scholarships from page 74
2025-06-03 05:00:23,788 - INFO - Inserted 20 scholarships into MongoDB from page 74
2025-06-03 05:00:24,788 - INFO - Scraping page 75...
2025-06-03 05:00:27,405 - INFO - Scraped 20 scholarships from page 75
2025-06-03 05:00:27,517 - INFO - Inserted 20 scholarships into MongoDB from page 75
2025-06-03 05:00:28,520 - INFO - Scraping page 76...
2025-06-03 05:00:31,675 - INFO - Scraped 20 scholarships from page 76
2025-06-03 05:00:31,794 - INFO - Inserted 20 scholarships into MongoDB from page 76
2025-06-03 05:00:32,795 - INFO - Scraping page 77...
2025-06-03 05:00:34,937 - INFO - Scraped 20 scholarships from page 77
2025-06-03 05:00:35,065 - INFO - Inserted 20 scholarships into MongoDB from page 77
2025-06-03 05:00:36,067 - INFO - Scraping page 78...
2025-06-03 05:00:38,194 - INFO - Scraped 20 scholarships from page 78
2025-06-03 05:00:38,335 - INFO - Inserted 20 scholarships into MongoDB from page 78
2025-06-03 05:00:39,337 - INFO - Scraping page 79...
2025-06-03 05:00:41,269 - INFO - Scraped 20 scholarships from page 79
2025-06-03 05:00:41,373 - INFO - Inserted 20 scholarships into MongoDB from page 79
2025-06-03 05:00:42,374 - INFO - Scraping page 80...
2025-06-03 05:00:45,145 - INFO - Scraped 20 scholarships from page 80
2025-06-03 05:00:45,256 - INFO - Inserted 20 scholarships into MongoDB from page 80
2025-06-03 05:00:46,258 - INFO - Scraping page 81...
2025-06-03 05:00:48,950 - INFO - Scraped 20 scholarships from page 81
2025-06-03 05:00:49,105 - INFO - Inserted 20 scholarships into MongoDB from page 81
2025-06-03 05:00:50,108 - INFO - Scraping page 82...
2025-06-03 05:00:53,610 - INFO - Scraped 20 scholarships from page 82
2025-06-03 05:00:53,720 - INFO - Inserted 20 scholarships into MongoDB from page 82
2025-06-03 05:00:54,721 - INFO - Scraping page 83...
2025-06-03 05:00:57,618 - INFO - Scraped 20 scholarships from page 83
2025-06-03 05:00:57,775 - INFO - Inserted 20 scholarships into MongoDB from page 83
2025-06-03 05:00:58,776 - INFO - Scraping page 84...
2025-06-03 05:01:01,507 - INFO - Scraped 20 scholarships from page 84
2025-06-03 05:01:01,626 - INFO - Inserted 20 scholarships into MongoDB from page 84
2025-06-03 05:01:02,629 - INFO - Scraping page 85...
2025-06-03 05:01:05,295 - INFO - Scraped 20 scholarships from page 85
2025-06-03 05:01:05,418 - INFO - Inserted 20 scholarships into MongoDB from page 85
2025-06-03 05:01:06,424 - INFO - Scraping page 86...
2025-06-03 05:01:09,040 - INFO - Scraped 20 scholarships from page 86
2025-06-03 05:01:09,139 - INFO - Inserted 20 scholarships into MongoDB from page 86
2025-06-03 05:01:10,142 - INFO - Scraping page 87...
2025-06-03 05:01:13,735 - INFO - Scraped 20 scholarships from page 87
2025-06-03 05:01:13,846 - INFO - Inserted 20 scholarships into MongoDB from page 87
2025-06-03 05:01:14,851 - INFO - Scraping page 88...
2025-06-03 05:01:17,668 - INFO - Scraped 20 scholarships from page 88
2025-06-03 05:01:17,783 - INFO - Inserted 20 scholarships into MongoDB from page 88
2025-06-03 05:01:18,785 - INFO - Scraping page 89...
2025-06-03 05:01:22,405 - INFO - Scraped 20 scholarships from page 89
2025-06-03 05:01:22,537 - INFO - Inserted 20 scholarships into MongoDB from page 89
2025-06-03 05:01:23,539 - INFO - Scraping page 90...
2025-06-03 05:01:25,824 - INFO - Scraped 20 scholarships from page 90
2025-06-03 05:01:25,944 - INFO - Inserted 20 scholarships into MongoDB from page 90
2025-06-03 05:01:26,946 - INFO - Scraping page 91...
2025-06-03 05:01:29,305 - INFO - Scraped 20 scholarships from page 91
2025-06-03 05:01:29,459 - INFO - Inserted 20 scholarships into MongoDB from page 91
2025-06-03 05:01:30,463 - INFO - Scraping page 92...
2025-06-03 05:01:32,949 - INFO - Scraped 20 scholarships from page 92
2025-06-03 05:01:33,096 - INFO - Inserted 20 scholarships into MongoDB from page 92
2025-06-03 05:01:34,096 - INFO - Scraping page 93...
2025-06-03 05:01:36,620 - INFO - Scraped 20 scholarships from page 93
2025-06-03 05:01:36,749 - INFO - Inserted 20 scholarships into MongoDB from page 93
2025-06-03 05:01:37,750 - INFO - Scraping page 94...
2025-06-03 05:01:40,698 - INFO - Scraped 20 scholarships from page 94
2025-06-03 05:01:41,432 - INFO - Inserted 20 scholarships into MongoDB from page 94
2025-06-03 05:01:42,433 - INFO - Scraping page 95...
2025-06-03 05:01:45,274 - INFO - Scraped 20 scholarships from page 95
2025-06-03 05:01:45,433 - INFO - Inserted 20 scholarships into MongoDB from page 95
2025-06-03 05:01:46,434 - INFO - Scraping page 96...
2025-06-03 05:01:48,681 - INFO - Scraped 20 scholarships from page 96
2025-06-03 05:01:48,818 - INFO - Inserted 20 scholarships into MongoDB from page 96
2025-06-03 05:01:49,819 - INFO - Scraping page 97...
2025-06-03 05:01:52,419 - INFO - Scraped 20 scholarships from page 97
2025-06-03 05:01:52,560 - INFO - Inserted 20 scholarships into MongoDB from page 97
2025-06-03 05:01:53,567 - INFO - Scraping page 98...
2025-06-03 05:01:56,490 - INFO - Scraped 20 scholarships from page 98
2025-06-03 05:01:56,650 - INFO - Inserted 20 scholarships into MongoDB from page 98
2025-06-03 05:01:57,652 - INFO - Scraping page 99...
2025-06-03 05:01:59,929 - INFO - Scraped 20 scholarships from page 99
2025-06-03 05:02:00,070 - INFO - Inserted 20 scholarships into MongoDB from page 99
2025-06-03 05:02:01,071 - INFO - Scraping page 100...
2025-06-03 05:02:03,440 - INFO - Scraped 20 scholarships from page 100
2025-06-03 05:02:03,562 - INFO - Inserted 20 scholarships into MongoDB from page 100
2025-06-03 05:02:04,565 - INFO - Scraping page 101...
2025-06-03 05:02:06,821 - INFO - Scraped 20 scholarships from page 101
2025-06-03 05:02:06,966 - INFO - Inserted 20 scholarships into MongoDB from page 101
2025-06-03 05:02:07,967 - INFO - Scraping page 102...
2025-06-03 05:02:10,168 - INFO - Scraped 20 scholarships from page 102
2025-06-03 05:02:10,329 - INFO - Inserted 20 scholarships into MongoDB from page 102
2025-06-03 05:02:11,331 - INFO - Scraping page 103...
2025-06-03 05:02:13,495 - INFO - Scraped 20 scholarships from page 103
2025-06-03 05:02:13,609 - INFO - Inserted 20 scholarships into MongoDB from page 103
2025-06-03 05:02:14,610 - INFO - Scraping page 104...
2025-06-03 05:02:17,156 - INFO - Scraped 20 scholarships from page 104
2025-06-03 05:02:17,299 - INFO - Inserted 20 scholarships into MongoDB from page 104
2025-06-03 05:02:18,301 - INFO - Scraping page 105...
2025-06-03 05:02:20,471 - INFO - Scraped 20 scholarships from page 105
2025-06-03 05:02:20,592 - INFO - Inserted 20 scholarships into MongoDB from page 105
2025-06-03 05:02:21,593 - INFO - Scraping page 106...
2025-06-03 05:02:24,201 - INFO - Scraped 20 scholarships from page 106
2025-06-03 05:02:24,309 - INFO - Inserted 20 scholarships into MongoDB from page 106
2025-06-03 05:02:25,311 - INFO - Scraping page 107...
2025-06-03 05:02:29,100 - INFO - Scraped 20 scholarships from page 107
2025-06-03 05:02:29,213 - INFO - Inserted 20 scholarships into MongoDB from page 107
2025-06-03 05:02:30,215 - INFO - Scraping page 108...
2025-06-03 05:02:32,939 - INFO - Scraped 20 scholarships from page 108
2025-06-03 05:02:33,057 - INFO - Inserted 20 scholarships into MongoDB from page 108
2025-06-03 05:02:34,058 - INFO - Scraping page 109...
2025-06-03 05:02:36,119 - INFO - Scraped 20 scholarships from page 109
2025-06-03 05:02:36,234 - INFO - Inserted 20 scholarships into MongoDB from page 109
2025-06-03 05:02:37,236 - INFO - Scraping page 110...
2025-06-03 05:02:40,352 - INFO - Scraped 20 scholarships from page 110
2025-06-03 05:02:40,469 - INFO - Inserted 20 scholarships into MongoDB from page 110
2025-06-03 05:02:41,471 - INFO - Scraping page 111...
2025-06-03 05:02:43,951 - INFO - Scraped 20 scholarships from page 111
2025-06-03 05:02:44,068 - INFO - Inserted 20 scholarships into MongoDB from page 111
2025-06-03 05:02:45,069 - INFO - Scraping page 112...
2025-06-03 05:02:47,459 - INFO - Scraped 20 scholarships from page 112
2025-06-03 05:02:47,579 - INFO - Inserted 20 scholarships into MongoDB from page 112
2025-06-03 05:02:48,581 - INFO - Scraping page 113...
2025-06-03 05:02:52,203 - INFO - Scraped 20 scholarships from page 113
2025-06-03 05:02:52,327 - INFO - Inserted 20 scholarships into MongoDB from page 113
2025-06-03 05:02:53,329 - INFO - Scraping page 114...
2025-06-03 05:02:56,062 - INFO - Scraped 20 scholarships from page 114
2025-06-03 05:02:56,214 - INFO - Inserted 20 scholarships into MongoDB from page 114
2025-06-03 05:02:57,215 - INFO - Scraping page 115...
2025-06-03 05:02:59,991 - INFO - Scraped 20 scholarships from page 115
2025-06-03 05:03:00,103 - INFO - Inserted 20 scholarships into MongoDB from page 115
2025-06-03 05:03:01,104 - INFO - Scraping page 116...
2025-06-03 05:03:03,720 - INFO - Scraped 20 scholarships from page 116
2025-06-03 05:03:03,829 - INFO - Inserted 20 scholarships into MongoDB from page 116
2025-06-03 05:03:04,832 - INFO - Scraping page 117...
2025-06-03 05:03:07,321 - INFO - Scraped 20 scholarships from page 117
2025-06-03 05:03:07,427 - INFO - Inserted 20 scholarships into MongoDB from page 117
2025-06-03 05:03:08,428 - INFO - Scraping page 118...
2025-06-03 05:03:11,211 - INFO - Scraped 20 scholarships from page 118
2025-06-03 05:03:11,341 - INFO - Inserted 20 scholarships into MongoDB from page 118
2025-06-03 05:03:12,341 - INFO - Scraping page 119...
2025-06-03 05:03:14,579 - INFO - Scraped 20 scholarships from page 119
2025-06-03 05:03:14,683 - INFO - Inserted 20 scholarships into MongoDB from page 119
2025-06-03 05:03:15,687 - INFO - Scraping page 120...
2025-06-03 05:03:17,951 - INFO - Scraped 20 scholarships from page 120
2025-06-03 05:03:18,084 - INFO - Inserted 20 scholarships into MongoDB from page 120
2025-06-03 05:03:19,087 - INFO - Scraping page 121...
2025-06-03 05:03:22,523 - INFO - Scraped 20 scholarships from page 121
2025-06-03 05:03:22,633 - INFO - Inserted 20 scholarships into MongoDB from page 121
2025-06-03 05:03:23,636 - INFO - Scraping page 122...
2025-06-03 05:03:25,620 - INFO - Scraped 20 scholarships from page 122
2025-06-03 05:03:25,769 - INFO - Inserted 20 scholarships into MongoDB from page 122
2025-06-03 05:03:26,771 - INFO - Scraping page 123...
2025-06-03 05:03:29,778 - INFO - Scraped 20 scholarships from page 123
2025-06-03 05:03:29,905 - INFO - Inserted 20 scholarships into MongoDB from page 123
2025-06-03 05:03:30,907 - INFO - Scraping page 124...
2025-06-03 05:03:33,220 - INFO - Scraped 20 scholarships from page 124
2025-06-03 05:03:33,320 - INFO - Inserted 20 scholarships into MongoDB from page 124
2025-06-03 05:03:34,326 - INFO - Scraping page 125...
2025-06-03 05:03:37,682 - INFO - Scraped 20 scholarships from page 125
2025-06-03 05:03:37,792 - INFO - Inserted 20 scholarships into MongoDB from page 125
2025-06-03 05:03:38,793 - INFO - Scraping page 126...
2025-06-03 05:03:41,360 - INFO - Scraped 20 scholarships from page 126
2025-06-03 05:03:41,499 - INFO - Inserted 20 scholarships into MongoDB from page 126
2025-06-03 05:03:42,502 - INFO - Scraping page 127...
2025-06-03 05:03:45,439 - INFO - Scraped 20 scholarships from page 127
2025-06-03 05:03:45,579 - INFO - Inserted 20 scholarships into MongoDB from page 127
2025-06-03 05:03:46,586 - INFO - Scraping page 128...
2025-06-03 05:03:49,025 - INFO - Scraped 20 scholarships from page 128
2025-06-03 05:03:49,161 - INFO - Inserted 20 scholarships into MongoDB from page 128
2025-06-03 05:03:50,164 - INFO - Scraping page 129...
2025-06-03 05:03:52,516 - INFO - Scraped 20 scholarships from page 129
2025-06-03 05:03:52,649 - INFO - Inserted 20 scholarships into MongoDB from page 129
2025-06-03 05:03:53,651 - INFO - Scraping page 130...
2025-06-03 05:03:56,452 - INFO - Scraped 20 scholarships from page 130
2025-06-03 05:03:56,594 - INFO - Inserted 20 scholarships into MongoDB from page 130
2025-06-03 05:03:57,596 - INFO - Scraping page 131...
2025-06-03 05:04:00,580 - INFO - Scraped 20 scholarships from page 131
2025-06-03 05:04:00,732 - INFO - Inserted 20 scholarships into MongoDB from page 131
2025-06-03 05:04:01,735 - INFO - Scraping page 132...
2025-06-03 05:04:04,400 - INFO - Scraped 20 scholarships from page 132
2025-06-03 05:04:04,510 - INFO - Inserted 20 scholarships into MongoDB from page 132
2025-06-03 05:04:05,514 - INFO - Scraping page 133...
2025-06-03 05:04:08,564 - INFO - Scraped 20 scholarships from page 133
2025-06-03 05:04:08,719 - INFO - Inserted 20 scholarships into MongoDB from page 133
2025-06-03 05:04:09,722 - INFO - Scraping page 134...
2025-06-03 05:04:13,692 - INFO - Scraped 20 scholarships from page 134
2025-06-03 05:04:15,192 - INFO - Inserted 20 scholarships into MongoDB from page 134
2025-06-03 05:04:16,193 - INFO - Scraping page 135...
2025-06-03 05:04:18,668 - INFO - Scraped 20 scholarships from page 135
2025-06-03 05:04:18,859 - INFO - Inserted 20 scholarships into MongoDB from page 135
2025-06-03 05:04:19,867 - INFO - Scraping page 136...
2025-06-03 05:04:22,720 - INFO - Scraped 20 scholarships from page 136
2025-06-03 05:04:22,944 - INFO - Inserted 20 scholarships into MongoDB from page 136
2025-06-03 05:04:23,945 - INFO - Scraping page 137...
2025-06-03 05:04:26,600 - INFO - Scraped 20 scholarships from page 137
2025-06-03 05:04:26,764 - INFO - Inserted 20 scholarships into MongoDB from page 137
2025-06-03 05:04:27,766 - INFO - Scraping page 138...
2025-06-03 05:04:30,564 - INFO - Scraped 20 scholarships from page 138
2025-06-03 05:04:30,780 - INFO - Inserted 20 scholarships into MongoDB from page 138
2025-06-03 05:04:31,783 - INFO - Scraping page 139...
2025-06-03 05:04:34,749 - INFO - Scraped 20 scholarships from page 139
2025-06-03 05:04:35,030 - INFO - Inserted 20 scholarships into MongoDB from page 139
2025-06-03 05:04:36,033 - INFO - Scraping page 140...
2025-06-03 05:04:38,351 - INFO - Scraped 20 scholarships from page 140
2025-06-03 05:04:38,569 - INFO - Inserted 20 scholarships into MongoDB from page 140
2025-06-03 05:04:39,573 - INFO - Scraping page 141...
2025-06-03 05:04:42,735 - INFO - Scraped 20 scholarships from page 141
2025-06-03 05:04:43,200 - INFO - Inserted 20 scholarships into MongoDB from page 141
2025-06-03 05:04:44,201 - INFO - Scraping page 142...
2025-06-03 05:04:47,151 - INFO - Scraped 20 scholarships from page 142
2025-06-03 05:04:47,621 - INFO - Inserted 20 scholarships into MongoDB from page 142
2025-06-03 05:04:48,623 - INFO - Scraping page 143...
2025-06-03 05:04:51,675 - INFO - Scraped 20 scholarships from page 143
2025-06-03 05:04:51,925 - INFO - Inserted 20 scholarships into MongoDB from page 143
2025-06-03 05:04:52,926 - INFO - Scraping page 144...
2025-06-03 05:04:56,219 - INFO - Scraped 20 scholarships from page 144
2025-06-03 05:04:56,334 - INFO - Inserted 20 scholarships into MongoDB from page 144
2025-06-03 05:04:57,336 - INFO - Scraping page 145...
2025-06-03 05:05:00,784 - INFO - Scraped 20 scholarships from page 145
2025-06-03 05:05:05,159 - INFO - Inserted 20 scholarships into MongoDB from page 145
2025-06-03 05:05:06,162 - INFO - Scraping page 146...
2025-06-03 05:05:09,179 - INFO - Scraped 20 scholarships from page 146
2025-06-03 05:05:10,091 - INFO - Inserted 20 scholarships into MongoDB from page 146
2025-06-03 05:05:11,092 - INFO - Scraping page 147...
2025-06-03 05:05:15,221 - INFO - Scraped 20 scholarships from page 147
2025-06-03 05:05:15,741 - INFO - Inserted 20 scholarships into MongoDB from page 147
2025-06-03 05:05:16,743 - INFO - Scraping page 148...
2025-06-03 05:05:19,865 - INFO - Scraped 20 scholarships from page 148
2025-06-03 05:05:20,695 - INFO - Inserted 20 scholarships into MongoDB from page 148
2025-06-03 05:05:21,697 - INFO - Scraping page 149...
2025-06-03 05:05:24,411 - INFO - Scraped 20 scholarships from page 149
2025-06-03 05:05:24,856 - INFO - Inserted 20 scholarships into MongoDB from page 149
2025-06-03 05:05:25,859 - INFO - Scraping page 150...
2025-06-03 05:05:28,441 - INFO - Scraped 20 scholarships from page 150
2025-06-03 05:05:28,962 - INFO - Inserted 20 scholarships into MongoDB from page 150
2025-06-03 05:05:29,966 - INFO - Scraping page 151...
2025-06-03 05:05:33,440 - INFO - Scraped 20 scholarships from page 151
2025-06-03 05:05:34,145 - INFO - Inserted 20 scholarships into MongoDB from page 151
2025-06-03 05:05:35,148 - INFO - Scraping page 152...
2025-06-03 05:05:38,122 - INFO - Scraped 20 scholarships from page 152
2025-06-03 05:05:38,479 - INFO - Inserted 20 scholarships into MongoDB from page 152
2025-06-03 05:05:39,487 - INFO - Scraping page 153...
2025-06-03 05:05:42,194 - INFO - Scraped 20 scholarships from page 153
2025-06-03 05:05:42,605 - INFO - Inserted 20 scholarships into MongoDB from page 153
2025-06-03 05:05:43,606 - INFO - Scraping page 154...
2025-06-03 05:05:46,394 - INFO - Scraped 20 scholarships from page 154
2025-06-03 05:05:46,882 - INFO - Inserted 20 scholarships into MongoDB from page 154
2025-06-03 05:05:47,886 - INFO - Scraping page 155...
2025-06-03 05:05:50,902 - INFO - Scraped 20 scholarships from page 155
2025-06-03 05:05:51,383 - INFO - Inserted 20 scholarships into MongoDB from page 155
2025-06-03 05:05:52,384 - INFO - Scraping page 156...
2025-06-03 05:05:55,666 - INFO - Scraped 20 scholarships from page 156
2025-06-03 05:05:56,324 - INFO - Inserted 20 scholarships into MongoDB from page 156
2025-06-03 05:05:57,325 - INFO - Scraping page 157...
2025-06-03 05:06:00,353 - INFO - Scraped 20 scholarships from page 157
2025-06-03 05:06:00,910 - INFO - Inserted 20 scholarships into MongoDB from page 157
2025-06-03 05:06:01,911 - INFO - Scraping page 158...
2025-06-03 05:06:04,994 - INFO - Scraped 20 scholarships from page 158
2025-06-03 05:06:05,821 - INFO - Inserted 20 scholarships into MongoDB from page 158
2025-06-03 05:06:06,829 - INFO - Scraping page 159...
2025-06-03 05:06:10,104 - INFO - Scraped 20 scholarships from page 159
2025-06-03 05:06:10,729 - INFO - Inserted 20 scholarships into MongoDB from page 159
2025-06-03 05:06:11,730 - INFO - Scraping page 160...
2025-06-03 05:06:14,487 - INFO - Scraped 20 scholarships from page 160
2025-06-03 05:06:15,088 - INFO - Inserted 20 scholarships into MongoDB from page 160
2025-06-03 05:06:16,089 - INFO - Scraping page 161...
2025-06-03 05:06:19,324 - INFO - Scraped 20 scholarships from page 161
2025-06-03 05:06:19,774 - INFO - Inserted 20 scholarships into MongoDB from page 161
2025-06-03 05:06:20,778 - INFO - Scraping page 162...
2025-06-03 05:06:23,611 - INFO - Scraped 20 scholarships from page 162
2025-06-03 05:06:24,793 - INFO - Inserted 20 scholarships into MongoDB from page 162
2025-06-03 05:06:25,794 - INFO - Scraping page 163...
2025-06-03 05:06:29,241 - INFO - Scraped 20 scholarships from page 163
2025-06-03 05:06:29,814 - INFO - Inserted 20 scholarships into MongoDB from page 163
2025-06-03 05:06:30,817 - INFO - Scraping page 164...
2025-06-03 05:06:34,054 - INFO - Scraped 20 scholarships from page 164
2025-06-03 05:06:34,374 - INFO - Inserted 20 scholarships into MongoDB from page 164
2025-06-03 05:06:35,379 - INFO - Scraping page 165...
2025-06-03 05:06:38,981 - INFO - Scraped 20 scholarships from page 165
2025-06-03 05:06:39,429 - INFO - Inserted 20 scholarships into MongoDB from page 165
2025-06-03 05:06:40,434 - INFO - Scraping page 166...
2025-06-03 05:06:43,250 - INFO - Scraped 20 scholarships from page 166
2025-06-03 05:06:43,707 - INFO - Inserted 20 scholarships into MongoDB from page 166
2025-06-03 05:06:44,708 - INFO - Scraping page 167...
2025-06-03 05:06:47,599 - INFO - Scraped 20 scholarships from page 167
2025-06-03 05:06:48,102 - INFO - Inserted 20 scholarships into MongoDB from page 167
2025-06-03 05:06:49,104 - INFO - Scraping page 168...
2025-06-03 05:06:52,592 - INFO - Scraped 20 scholarships from page 168
2025-06-03 05:06:53,156 - INFO - Inserted 20 scholarships into MongoDB from page 168
2025-06-03 05:06:54,158 - INFO - Scraping page 169...
2025-06-03 05:06:56,733 - INFO - Scraped 20 scholarships from page 169
2025-06-03 05:06:57,102 - INFO - Inserted 20 scholarships into MongoDB from page 169
2025-06-03 05:06:58,106 - INFO - Scraping page 170...
2025-06-03 05:07:01,969 - INFO - Scraped 20 scholarships from page 170
2025-06-03 05:07:02,379 - INFO - Inserted 20 scholarships into MongoDB from page 170
2025-06-03 05:07:03,380 - INFO - Scraping page 171...
2025-06-03 05:07:07,286 - INFO - Scraped 20 scholarships from page 171
2025-06-03 05:07:07,819 - INFO - Inserted 20 scholarships into MongoDB from page 171
2025-06-03 05:07:08,820 - INFO - Scraping page 172...
2025-06-03 05:07:11,789 - INFO - Scraped 20 scholarships from page 172
2025-06-03 05:07:12,269 - INFO - Inserted 20 scholarships into MongoDB from page 172
2025-06-03 05:07:13,270 - INFO - Scraping page 173...
2025-06-03 05:07:15,864 - INFO - Scraped 20 scholarships from page 173
2025-06-03 05:07:16,642 - INFO - Inserted 20 scholarships into MongoDB from page 173
2025-06-03 05:07:17,644 - INFO - Scraping page 174...
2025-06-03 05:07:22,211 - INFO - Scraped 20 scholarships from page 174
2025-06-03 05:07:22,580 - INFO - Inserted 20 scholarships into MongoDB from page 174
2025-06-03 05:07:23,581 - INFO - Scraping page 175...
2025-06-03 05:07:26,223 - INFO - Scraped 20 scholarships from page 175
2025-06-03 05:07:26,465 - INFO - Inserted 20 scholarships into MongoDB from page 175
2025-06-03 05:07:27,466 - INFO - Scraping page 176...
2025-06-03 05:07:30,140 - INFO - Scraped 20 scholarships from page 176
2025-06-03 05:07:30,395 - INFO - Inserted 20 scholarships into MongoDB from page 176
2025-06-03 05:07:31,397 - INFO - Scraping page 177...
2025-06-03 05:07:34,101 - INFO - Scraped 20 scholarships from page 177
2025-06-03 05:07:34,612 - INFO - Inserted 20 scholarships into MongoDB from page 177
2025-06-03 05:07:35,618 - INFO - Scraping page 178...
2025-06-03 05:07:38,709 - INFO - Scraped 20 scholarships from page 178
2025-06-03 05:07:39,150 - INFO - Inserted 20 scholarships into MongoDB from page 178
2025-06-03 05:07:40,165 - INFO - Scraping page 179...
2025-06-03 05:08:32,602 - ERROR - Failed to scrape https://scholarships360.org/scholarships/search/?page=179: HTTPSConnectionPool(host='scholarships360.org', port=443): Max retries exceeded with url: /scholarships/search (Caused by NameResolutionError("<urllib3.connection.HTTPSConnection object at 0x0000019ACFCEA350>: Failed to resolve 'scholarships360.org' ([Errno 11001] getaddrinfo failed)"))
2025-06-03 05:08:32,602 - INFO - Scraped 0 scholarships from page 179
2025-06-03 05:08:33,604 - INFO - Scraping page 180...
2025-06-03 05:08:36,596 - INFO - Scraped 20 scholarships from page 180
2025-06-03 05:08:39,835 - INFO - Inserted 20 scholarships into MongoDB from page 180
2025-06-03 05:08:40,836 - INFO - Scraping page 181...
2025-06-03 05:08:45,744 - INFO - Scraped 20 scholarships from page 181
2025-06-03 05:08:49,221 - INFO - Inserted 20 scholarships into MongoDB from page 181
2025-06-03 05:08:50,223 - INFO - Scraping page 182...
2025-06-03 05:08:58,151 - INFO - Scraped 20 scholarships from page 182
2025-06-03 05:09:02,931 - INFO - Inserted 20 scholarships into MongoDB from page 182
2025-06-03 05:09:03,934 - INFO - Scraping page 183...
2025-06-03 05:09:06,583 - INFO - Scraped 20 scholarships from page 183
2025-06-03 05:09:06,953 - INFO - Inserted 20 scholarships into MongoDB from page 183
2025-06-03 05:09:07,955 - INFO - Scraping page 184...
2025-06-03 05:09:10,790 - INFO - Scraped 20 scholarships from page 184
2025-06-03 05:09:11,301 - INFO - Inserted 20 scholarships into MongoDB from page 184
2025-06-03 05:09:12,311 - INFO - Scraping page 185...
2025-06-03 05:09:18,022 - INFO - Scraped 20 scholarships from page 185
2025-06-03 05:09:18,302 - INFO - Inserted 20 scholarships into MongoDB from page 185
2025-06-03 05:09:19,307 - INFO - Scraping page 186...
2025-06-03 05:09:23,126 - INFO - Scraped 20 scholarships from page 186
2025-06-03 05:09:24,345 - INFO - Inserted 20 scholarships into MongoDB from page 186
2025-06-03 05:09:25,350 - INFO - Scraping page 187...
2025-06-03 05:09:28,871 - INFO - Scraped 20 scholarships from page 187
2025-06-03 05:09:33,487 - INFO - Inserted 20 scholarships into MongoDB from page 187
2025-06-03 05:09:34,490 - INFO - Scraping page 188...
2025-06-03 05:09:39,352 - INFO - Scraped 20 scholarships from page 188
2025-06-03 05:09:40,442 - INFO - Inserted 20 scholarships into MongoDB from page 188
2025-06-03 05:09:41,446 - INFO - Scraping page 189...
2025-06-03 05:09:45,950 - INFO - Scraped 20 scholarships from page 189
2025-06-03 05:09:50,081 - INFO - Inserted 20 scholarships into MongoDB from page 189
2025-06-03 05:09:51,082 - INFO - Scraping page 190...
2025-06-03 05:09:54,022 - INFO - Scraped 20 scholarships from page 190
2025-06-03 05:09:54,514 - INFO - Inserted 20 scholarships into MongoDB from page 190
2025-06-03 05:09:55,520 - INFO - Scraping page 191...
2025-06-03 05:09:59,863 - INFO - Scraped 20 scholarships from page 191
2025-06-03 05:10:03,746 - INFO - Inserted 20 scholarships into MongoDB from page 191
2025-06-03 05:10:04,749 - INFO - Scraping page 192...
2025-06-03 05:10:10,307 - INFO - Scraped 20 scholarships from page 192
2025-06-03 05:10:10,959 - INFO - Inserted 20 scholarships into MongoDB from page 192
2025-06-03 05:10:11,960 - INFO - Scraping page 193...
2025-06-03 05:10:16,501 - INFO - Scraped 20 scholarships from page 193
2025-06-03 05:10:17,308 - INFO - Inserted 20 scholarships into MongoDB from page 193
2025-06-03 05:10:18,310 - INFO - Scraping page 194...
2025-06-03 05:10:21,638 - INFO - Scraped 20 scholarships from page 194
2025-06-03 05:10:21,994 - INFO - Inserted 20 scholarships into MongoDB from page 194
2025-06-03 05:10:22,999 - INFO - Scraping page 195...
2025-06-03 05:10:26,382 - INFO - Scraped 20 scholarships from page 195
2025-06-03 05:10:27,073 - INFO - Inserted 20 scholarships into MongoDB from page 195
2025-06-03 05:10:28,077 - INFO - Scraping page 196...
2025-06-03 05:10:30,570 - INFO - Scraped 20 scholarships from page 196
2025-06-03 05:10:30,764 - INFO - Inserted 20 scholarships into MongoDB from page 196
2025-06-03 05:10:31,765 - INFO - Scraping page 197...
2025-06-03 05:10:34,974 - INFO - Scraped 20 scholarships from page 197
2025-06-03 05:10:35,572 - INFO - Inserted 20 scholarships into MongoDB from page 197
2025-06-03 05:10:36,575 - INFO - Scraping page 198...
2025-06-03 05:10:39,604 - INFO - Scraped 20 scholarships from page 198
2025-06-03 05:10:40,391 - INFO - Inserted 20 scholarships into MongoDB from page 198
2025-06-03 05:10:41,393 - INFO - Scraping page 199...
2025-06-03 05:10:44,700 - INFO - Scraped 20 scholarships from page 199
2025-06-03 05:10:44,912 - INFO - Inserted 20 scholarships into MongoDB from page 199
2025-06-03 05:10:45,918 - INFO - Scraping page 200...
2025-06-03 05:10:48,793 - INFO - Scraped 20 scholarships from page 200
2025-06-03 05:10:49,377 - INFO - Inserted 20 scholarships into MongoDB from page 200
2025-06-03 05:10:50,378 - INFO - Scraping page 201...
2025-06-03 05:10:52,862 - INFO - Scraped 20 scholarships from page 201
2025-06-03 05:10:53,588 - INFO - Inserted 20 scholarships into MongoDB from page 201
2025-06-03 05:10:54,590 - INFO - Scraping page 202...
2025-06-03 05:10:56,982 - INFO - Scraped 20 scholarships from page 202
2025-06-03 05:10:57,281 - INFO - Inserted 20 scholarships into MongoDB from page 202
2025-06-03 05:10:58,287 - INFO - Scraping page 203...
2025-06-03 05:11:00,542 - INFO - Scraped 20 scholarships from page 203
2025-06-03 05:11:01,212 - INFO - Inserted 20 scholarships into MongoDB from page 203
2025-06-03 05:11:02,215 - INFO - Scraping page 204...
2025-06-03 05:11:05,837 - INFO - Scraped 20 scholarships from page 204
2025-06-03 05:11:06,608 - INFO - Inserted 20 scholarships into MongoDB from page 204
2025-06-03 05:11:07,610 - INFO - Scraping page 205...
2025-06-03 05:11:10,212 - INFO - Scraped 20 scholarships from page 205
2025-06-03 05:11:10,450 - INFO - Inserted 20 scholarships into MongoDB from page 205
2025-06-03 05:11:11,452 - INFO - Scraping page 206...
2025-06-03 05:11:14,390 - INFO - Scraped 20 scholarships from page 206
2025-06-03 05:11:14,541 - INFO - Inserted 20 scholarships into MongoDB from page 206
2025-06-03 05:11:15,548 - INFO - Scraping page 207...
2025-06-03 05:11:19,475 - INFO - Scraped 20 scholarships from page 207
2025-06-03 05:11:19,625 - INFO - Inserted 20 scholarships into MongoDB from page 207
2025-06-03 05:11:20,629 - INFO - Scraping page 208...
2025-06-03 05:11:23,652 - INFO - Scraped 20 scholarships from page 208
2025-06-03 05:11:24,075 - INFO - Inserted 20 scholarships into MongoDB from page 208
2025-06-03 05:11:25,078 - INFO - Scraping page 209...
2025-06-03 05:11:27,654 - INFO - Scraped 20 scholarships from page 209
2025-06-03 05:11:28,307 - INFO - Inserted 20 scholarships into MongoDB from page 209
2025-06-03 05:11:29,308 - INFO - Scraping page 210...
2025-06-03 05:11:31,861 - INFO - Scraped 20 scholarships from page 210
2025-06-03 05:11:32,535 - INFO - Inserted 20 scholarships into MongoDB from page 210
2025-06-03 05:11:33,537 - INFO - Scraping page 211...
2025-06-03 05:11:36,887 - INFO - Scraped 20 scholarships from page 211
2025-06-03 05:11:37,094 - INFO - Inserted 20 scholarships into MongoDB from page 211
2025-06-03 05:11:38,097 - INFO - Scraping page 212...
2025-06-03 05:11:42,410 - INFO - Scraped 20 scholarships from page 212
2025-06-03 05:11:42,572 - INFO - Inserted 20 scholarships into MongoDB from page 212
2025-06-03 05:11:43,579 - INFO - Scraping page 213...
2025-06-03 05:11:47,200 - INFO - Scraped 20 scholarships from page 213
2025-06-03 05:11:47,906 - INFO - Inserted 20 scholarships into MongoDB from page 213
2025-06-03 05:11:48,907 - INFO - Scraping page 214...
2025-06-03 05:11:51,332 - INFO - Scraped 20 scholarships from page 214
2025-06-03 05:11:51,512 - INFO - Inserted 20 scholarships into MongoDB from page 214
2025-06-03 05:11:52,514 - INFO - Scraping page 215...
2025-06-03 05:11:54,945 - INFO - Scraped 20 scholarships from page 215
2025-06-03 05:11:55,842 - INFO - Inserted 20 scholarships into MongoDB from page 215
2025-06-03 05:11:56,843 - INFO - Scraping page 216...
2025-06-03 05:11:59,160 - INFO - Scraped 20 scholarships from page 216
2025-06-03 05:11:59,370 - INFO - Inserted 20 scholarships into MongoDB from page 216
2025-06-03 05:12:00,371 - INFO - Scraping page 217...
2025-06-03 05:12:03,145 - INFO - Scraped 20 scholarships from page 217
2025-06-03 05:12:04,285 - INFO - Inserted 20 scholarships into MongoDB from page 217
2025-06-03 05:12:05,287 - INFO - Scraping page 218...
2025-06-03 05:12:07,962 - INFO - Scraped 20 scholarships from page 218
2025-06-03 05:12:08,183 - INFO - Inserted 20 scholarships into MongoDB from page 218
2025-06-03 05:12:09,188 - INFO - Scraping page 219...
2025-06-03 05:12:12,034 - INFO - Scraped 20 scholarships from page 219
2025-06-03 05:12:12,589 - INFO - Inserted 20 scholarships into MongoDB from page 219
2025-06-03 05:12:13,590 - INFO - Scraping page 220...
2025-06-03 05:12:16,219 - INFO - Scraped 20 scholarships from page 220
2025-06-03 05:12:16,354 - INFO - Inserted 20 scholarships into MongoDB from page 220
2025-06-03 05:12:17,356 - INFO - Scraping page 221...
2025-06-03 05:12:19,929 - INFO - Scraped 20 scholarships from page 221
2025-06-03 05:12:20,650 - INFO - Inserted 20 scholarships into MongoDB from page 221
2025-06-03 05:12:21,654 - INFO - Scraping page 222...
2025-06-03 05:12:25,338 - INFO - Scraped 20 scholarships from page 222
2025-06-03 05:12:25,468 - INFO - Inserted 20 scholarships into MongoDB from page 222
2025-06-03 05:12:26,473 - INFO - Scraping page 223...
2025-06-03 05:12:29,053 - INFO - Scraped 20 scholarships from page 223
2025-06-03 05:12:29,575 - INFO - Inserted 20 scholarships into MongoDB from page 223
2025-06-03 05:12:30,576 - INFO - Scraping page 224...
2025-06-03 05:12:33,067 - INFO - Scraped 20 scholarships from page 224
2025-06-03 05:12:33,277 - INFO - Inserted 20 scholarships into MongoDB from page 224
2025-06-03 05:12:34,278 - INFO - Scraping page 225...
2025-06-03 05:12:37,426 - INFO - Scraped 20 scholarships from page 225
2025-06-03 05:12:38,649 - INFO - Inserted 20 scholarships into MongoDB from page 225
2025-06-03 05:12:39,654 - INFO - Scraping page 226...
2025-06-03 05:12:42,019 - INFO - Scraped 20 scholarships from page 226
2025-06-03 05:12:42,256 - INFO - Inserted 20 scholarships into MongoDB from page 226
2025-06-03 05:12:43,257 - INFO - Scraping page 227...
2025-06-03 05:12:46,752 - INFO - Scraped 20 scholarships from page 227
2025-06-03 05:12:46,948 - INFO - Inserted 20 scholarships into MongoDB from page 227
2025-06-03 05:12:47,950 - INFO - Scraping page 228...
2025-06-03 05:12:51,793 - INFO - Scraped 20 scholarships from page 228
2025-06-03 05:12:52,211 - INFO - Inserted 20 scholarships into MongoDB from page 228
2025-06-03 05:12:53,212 - INFO - Scraping page 229...
2025-06-03 05:12:58,707 - INFO - Scraped 20 scholarships from page 229
2025-06-03 05:12:59,286 - INFO - Inserted 20 scholarships into MongoDB from page 229
2025-06-03 05:13:00,287 - INFO - Scraping page 230...
2025-06-03 05:13:03,568 - INFO - Scraped 20 scholarships from page 230
2025-06-03 05:13:03,736 - INFO - Inserted 20 scholarships into MongoDB from page 230
2025-06-03 05:13:04,737 - INFO - Scraping page 231...
2025-06-03 05:13:08,209 - INFO - Scraped 20 scholarships from page 231
2025-06-03 05:13:08,700 - INFO - Inserted 20 scholarships into MongoDB from page 231
2025-06-03 05:13:09,701 - INFO - Scraping page 232...
2025-06-03 05:13:12,802 - INFO - Scraped 20 scholarships from page 232
2025-06-03 05:13:12,999 - INFO - Inserted 20 scholarships into MongoDB from page 232
2025-06-03 05:13:14,003 - INFO - Scraping page 233...
2025-06-03 05:13:16,538 - INFO - Scraped 20 scholarships from page 233
2025-06-03 05:13:17,159 - INFO - Inserted 20 scholarships into MongoDB from page 233
2025-06-03 05:13:18,159 - INFO - Scraping page 234...
2025-06-03 05:13:20,459 - INFO - Scraped 20 scholarships from page 234
2025-06-03 05:13:20,676 - INFO - Inserted 20 scholarships into MongoDB from page 234
2025-06-03 05:13:21,677 - INFO - Scraping page 235...
2025-06-03 05:13:24,077 - INFO - Scraped 20 scholarships from page 235
2025-06-03 05:13:24,650 - INFO - Inserted 20 scholarships into MongoDB from page 235
2025-06-03 05:13:25,654 - INFO - Scraping page 236...
2025-06-03 05:13:28,244 - INFO - Scraped 20 scholarships from page 236
2025-06-03 05:13:28,420 - INFO - Inserted 20 scholarships into MongoDB from page 236
2025-06-03 05:13:29,422 - INFO - Scraping page 237...
2025-06-03 05:13:31,721 - INFO - Scraped 20 scholarships from page 237
2025-06-03 05:13:32,327 - INFO - Inserted 20 scholarships into MongoDB from page 237
2025-06-03 05:13:33,331 - INFO - Scraping page 238...
2025-06-03 05:13:37,473 - INFO - Scraped 20 scholarships from page 238
2025-06-03 05:13:38,399 - INFO - Inserted 20 scholarships into MongoDB from page 238
2025-06-03 05:13:39,405 - INFO - Scraping page 239...
2025-06-03 05:13:42,052 - INFO - Scraped 20 scholarships from page 239
2025-06-03 05:13:42,471 - INFO - Inserted 20 scholarships into MongoDB from page 239
2025-06-03 05:13:43,476 - INFO - Scraping page 240...
2025-06-03 05:13:46,848 - INFO - Scraped 20 scholarships from page 240
2025-06-03 05:13:47,706 - INFO - Inserted 20 scholarships into MongoDB from page 240
2025-06-03 05:13:48,707 - INFO - Scraping page 241...
2025-06-03 05:13:53,062 - INFO - Scraped 20 scholarships from page 241
2025-06-03 05:13:53,987 - INFO - Inserted 20 scholarships into MongoDB from page 241
2025-06-03 05:13:54,988 - INFO - Scraping page 242...
2025-06-03 05:13:58,330 - INFO - Scraped 20 scholarships from page 242
2025-06-03 05:13:58,454 - INFO - Inserted 20 scholarships into MongoDB from page 242
2025-06-03 05:13:59,456 - INFO - Scraping page 243...
2025-06-03 05:14:01,787 - INFO - Scraped 20 scholarships from page 243
2025-06-03 05:14:01,921 - INFO - Inserted 20 scholarships into MongoDB from page 243
2025-06-03 05:14:02,922 - INFO - Scraping page 244...
2025-06-03 05:14:06,097 - INFO - Scraped 20 scholarships from page 244
2025-06-03 05:14:06,387 - INFO - Inserted 20 scholarships into MongoDB from page 244
2025-06-03 05:14:07,388 - INFO - Scraping page 245...
2025-06-03 05:14:10,209 - INFO - Scraped 20 scholarships from page 245
2025-06-03 05:14:10,360 - INFO - Inserted 20 scholarships into MongoDB from page 245
2025-06-03 05:14:11,361 - INFO - Scraping page 246...
2025-06-03 05:14:13,693 - INFO - Scraped 20 scholarships from page 246
2025-06-03 05:14:14,007 - INFO - Inserted 20 scholarships into MongoDB from page 246
2025-06-03 05:14:15,008 - INFO - Scraping page 247...
2025-06-03 05:14:18,227 - INFO - Scraped 20 scholarships from page 247
2025-06-03 05:14:18,357 - INFO - Inserted 20 scholarships into MongoDB from page 247
2025-06-03 05:14:19,359 - INFO - Scraping page 248...
2025-06-03 05:14:21,999 - INFO - Scraped 20 scholarships from page 248
2025-06-03 05:14:22,158 - INFO - Inserted 20 scholarships into MongoDB from page 248
2025-06-03 05:14:23,161 - INFO - Scraping page 249...
2025-06-03 05:14:26,526 - INFO - Scraped 20 scholarships from page 249
2025-06-03 05:14:26,648 - INFO - Inserted 20 scholarships into MongoDB from page 249
2025-06-03 05:14:27,650 - INFO - Scraping page 250...
2025-06-03 05:14:31,271 - INFO - Scraped 20 scholarships from page 250
2025-06-03 05:14:31,409 - INFO - Inserted 20 scholarships into MongoDB from page 250
2025-06-03 05:14:32,411 - INFO - Scraping page 251...
2025-06-03 05:14:35,109 - INFO - Scraped 20 scholarships from page 251
2025-06-03 05:14:35,248 - INFO - Inserted 20 scholarships into MongoDB from page 251
2025-06-03 05:14:36,251 - INFO - Scraping page 252...
2025-06-03 05:14:38,896 - INFO - Scraped 20 scholarships from page 252
2025-06-03 05:14:39,048 - INFO - Inserted 20 scholarships into MongoDB from page 252
2025-06-03 05:14:40,049 - INFO - Scraping page 253...
2025-06-03 05:14:42,713 - INFO - Scraped 20 scholarships from page 253
2025-06-03 05:14:42,847 - INFO - Inserted 20 scholarships into MongoDB from page 253
2025-06-03 05:14:43,848 - INFO - Scraping page 254...
2025-06-03 05:14:46,999 - INFO - Scraped 20 scholarships from page 254
2025-06-03 05:14:47,128 - INFO - Inserted 20 scholarships into MongoDB from page 254
2025-06-03 05:14:48,132 - INFO - Scraping page 255...
2025-06-03 05:14:50,970 - INFO - Scraped 20 scholarships from page 255
2025-06-03 05:14:51,088 - INFO - Inserted 20 scholarships into MongoDB from page 255
2025-06-03 05:14:52,089 - INFO - Scraping page 256...
2025-06-03 05:14:54,979 - INFO - Scraped 20 scholarships from page 256
2025-06-03 05:14:55,118 - INFO - Inserted 20 scholarships into MongoDB from page 256
2025-06-03 05:14:56,120 - INFO - Scraping page 257...
2025-06-03 05:14:58,811 - INFO - Scraped 20 scholarships from page 257
2025-06-03 05:14:58,942 - INFO - Inserted 20 scholarships into MongoDB from page 257
2025-06-03 05:14:59,945 - INFO - Scraping page 258...
2025-06-03 05:15:03,319 - INFO - Scraped 20 scholarships from page 258
2025-06-03 05:15:03,445 - INFO - Inserted 20 scholarships into MongoDB from page 258
2025-06-03 05:15:04,446 - INFO - Scraping page 259...
2025-06-03 05:15:07,799 - INFO - Scraped 20 scholarships from page 259
2025-06-03 05:15:08,292 - INFO - Inserted 20 scholarships into MongoDB from page 259
2025-06-03 05:15:09,294 - INFO - Scraping page 260...
2025-06-03 05:15:12,967 - INFO - Scraped 20 scholarships from page 260
2025-06-03 05:15:13,586 - INFO - Inserted 20 scholarships into MongoDB from page 260
2025-06-03 05:15:14,587 - INFO - Scraping page 261...
2025-06-03 05:15:18,227 - INFO - Scraped 20 scholarships from page 261
2025-06-03 05:15:18,427 - INFO - Inserted 20 scholarships into MongoDB from page 261
2025-06-03 05:15:19,431 - INFO - Scraping page 262...
2025-06-03 05:15:24,032 - INFO - Scraped 20 scholarships from page 262
2025-06-03 05:15:24,163 - INFO - Inserted 20 scholarships into MongoDB from page 262
2025-06-03 05:15:25,166 - INFO - Scraping page 263...
2025-06-03 05:15:27,709 - INFO - Scraped 20 scholarships from page 263
2025-06-03 05:15:28,553 - INFO - Inserted 20 scholarships into MongoDB from page 263
2025-06-03 05:15:29,555 - INFO - Scraping page 264...
2025-06-03 05:15:32,470 - INFO - Scraped 20 scholarships from page 264
2025-06-03 05:15:32,619 - INFO - Inserted 20 scholarships into MongoDB from page 264
2025-06-03 05:15:33,622 - INFO - Scraping page 265...
2025-06-03 05:15:36,657 - INFO - Scraped 20 scholarships from page 265
2025-06-03 05:15:37,041 - INFO - Inserted 20 scholarships into MongoDB from page 265
2025-06-03 05:15:38,042 - INFO - Scraping page 266...
2025-06-03 05:15:41,292 - INFO - Scraped 20 scholarships from page 266
2025-06-03 05:15:41,414 - INFO - Inserted 20 scholarships into MongoDB from page 266
2025-06-03 05:15:42,417 - INFO - Scraping page 267...
2025-06-03 05:15:44,681 - INFO - Scraped 20 scholarships from page 267
2025-06-03 05:15:45,240 - INFO - Inserted 20 scholarships into MongoDB from page 267
2025-06-03 05:15:46,242 - INFO - Scraped and stored 5320 scholarships in total
2025-06-03 05:15:46,327 - INFO - MongoDB connection closed
